  Class.cpp
  The contents of <filesystem> are available only with C++17 or later.
  Convert.cpp
  The contents of <filesystem> are available only with C++17 or later.
D:\Projects\Registration_system\Convert.cpp(77,36): warning C4267: 'initializing': conversion from 'size_t' to 'int', possible loss of data
D:\Projects\Registration_system\Convert.cpp(78,41): warning C4267: 'initializing': conversion from 'size_t' to 'int', possible loss of data
D:\Projects\Registration_system\Convert.cpp(79,42): warning C4267: 'initializing': conversion from 'size_t' to 'int', possible loss of data
D:\Projects\Registration_system\Convert.cpp(93,28): warning C4267: 'initializing': conversion from 'size_t' to 'int', possible loss of data
D:\Projects\Registration_system\Convert.cpp(99,39): warning C4267: 'initializing': conversion from 'size_t' to 'int', possible loss of data
D:\Projects\Registration_system\Convert.cpp(112,47): warning C4267: 'initializing': conversion from 'size_t' to 'int', possible loss of data
D:\Projects\Registration_system\Convert.cpp(133,26): warning C4267: 'initializing': conversion from 'size_t' to 'int', possible loss of data
D:\Projects\Registration_system\Convert.cpp(139,39): warning C4267: 'initializing': conversion from 'size_t' to 'int', possible loss of data
D:\Projects\Registration_system\Convert.cpp(172,38): warning C4267: '=': conversion from 'size_t' to 'int', possible loss of data
  Course.cpp
  The contents of <filesystem> are available only with C++17 or later.
D:\Projects\Registration_system\Course.cpp(150,53): warning C4267: 'initializing': conversion from 'size_t' to 'int', possible loss of data
  Date.cpp
  The contents of <filesystem> are available only with C++17 or later.
  Enroll.cpp
  The contents of <filesystem> are available only with C++17 or later.
  File.cpp
  The contents of <filesystem> are available only with C++17 or later.
  Login.cpp
  The contents of <filesystem> are available only with C++17 or later.
D:\Projects\Registration_system\Login.cpp(10,21): warning C4267: 'initializing': conversion from 'size_t' to 'int', possible loss of data
D:\Projects\Registration_system\Login.cpp(120,15): warning C4267: 'initializing': conversion from 'size_t' to 'int', possible loss of data
  MainSource.cpp
  The contents of <filesystem> are available only with C++17 or later.
  Menu.cpp
  The contents of <filesystem> are available only with C++17 or later.
  Node Process.cpp
  The contents of <filesystem> are available only with C++17 or later.
  Password.cpp
  The contents of <filesystem> are available only with C++17 or later.
D:\Projects\Registration_system\Password.cpp(7,18): warning C4267: 'initializing': conversion from 'size_t' to 'int', possible loss of data
D:\Projects\Registration_system\Password.cpp(8,18): warning C4267: 'initializing': conversion from 'size_t' to 'int', possible loss of data
D:\Projects\Registration_system\Password.cpp(26,17): warning C4267: 'initializing': conversion from 'size_t' to 'int', possible loss of data
D:\Projects\Registration_system\Password.cpp(142,23): warning C4267: 'initializing': conversion from 'size_t' to 'int', possible loss of data
  Score.cpp
  The contents of <filesystem> are available only with C++17 or later.
  Semester.cpp
  The contents of <filesystem> are available only with C++17 or later.
  Student.cpp
  The contents of <filesystem> are available only with C++17 or later.
  Vector.cpp
  The contents of <filesystem> are available only with C++17 or later.
  Year.cpp
  The contents of <filesystem> are available only with C++17 or later.
  Generating Code...
D:\Projects\Registration_system\Semester.cpp(157): warning C4715: 'Semester_Select': not all control paths return a value
D:\Projects\Registration_system\Menu.cpp(332): warning C4715: 'Main_Menu_Proc': not all control paths return a value
D:\Projects\Registration_system\Login.cpp(181): warning C4715: 'check_acc_student': not all control paths return a value
D:\Projects\Registration_system\Login.cpp(189): warning C4715: 'login_as_student': not all control paths return a value
D:\Projects\Registration_system\Login.cpp(246): warning C4715: 'login_as_admin': not all control paths return a value
D:\Projects\Registration_system\Login.cpp(238): warning C4715: 'check_acc_ad': not all control paths return a value
  Main Source.vcxproj -> D:\Projects\Registration_system\x64\Debug\Main Source.exe
